MIG: 22:14:45 : xml_input_file: ddr/mig.prj
MIG: 22:14:45 : Absolute path of xml_input_file: f:/Workspace/finalProject/finalProject.srcs/sources_1/ip/ddr/ddr/mig.prj
MIG: 22:14:45 : xml_input_file: ddr/mig.prj
MIG: 22:14:45 : Absolute path of xml_input_file: f:/Workspace/finalProject/finalProject.srcs/sources_1/ip/ddr/ddr/mig.prj
MIG: 22:14:45 : In updateAllModelParams
MIG: 22:14:45 : ################# RUNNING MIG BATCH ###################
MIG: 22:14:45 : Writing IN file for 'ddr'...compDirPath: f:/Xilinx/Vivado/2015.2/data/ip/xilinx/mig_7series_v2_3... instDirPath: f:/Workspace/finalProject/finalProject.srcs/sources_1/ip/ddr
MIG: 22:14:45 : synp_flow:  -- synthesis_mode: Other
MIG: 22:14:45 : outputDirectory: f:/Workspace/finalProject/finalProject.srcs/sources_1/ip/ddr/_tmp/
MIG: 22:14:45 : vivado_mode: xpg_pa
MIG: 22:14:45 :  locked false  
MIG: 22:14:45 : HDL Language: Verilog
MIG: 22:14:45 : compInfo: true
MIG: 22:14:45 : Vivado Options xc7a100t csg324 -1
MIG: 22:14:45 : 1: xc7a100t 2: csg324 3: -1
MIG: 22:14:45 : relative mig path: coregen/ip/xilinx/other/com/xilinx/ip/mig_7series_v2_3/bin/nt64/mig.exe
MIG: 22:14:45 : xilinx_path: F:/Xilinx/Vivado/2015.2/ids_lite/ISE
MIG: 22:14:45 : I am in catch area
MIG: 22:14:45 : Running F:/Xilinx/Vivado/2015.2/ids_lite/ISE/coregen/ip/xilinx/other/com/xilinx/ip/mig_7series_v2_3/bin/nt64/mig.exe -cg_exc_inp f:/Workspace/finalProject/finalProject.srcs/sources_1/ip/ddr/xil_txt.in -cg_exc_out f:/Workspace/finalProject/finalProject.srcs/sources_1/ip/ddr/xil_txt.out ... 
MIG: 22:14:59 : XML_INPUT_FILE: f:/Workspace/finalProject/finalProject.srcs/sources_1/ip/ddr/ddr/mig.prj
MIG: 22:14:59 : Component_Name: ddr
MIG: 22:14:59 : Moving ddr ...
MIG: 22:14:59 : Moving ddr.veo ...
MIG: 22:14:59 : Moving ddr_xmdf.tcl ...
MIG: 22:14:59 : XGUI hdlLanguage: Verilog
MIG: 22:14:59 : xgui vivado_mode: xpg_pa
MIG: 22:14:59 : xgui hdlLanguage: Verilog -- hdlExt: v
MIG: 22:14:59 : Reading F:/Workspace/finalProject/finalProject.srcs/sources_1/ip/ddr/ddr/user_design/rtl/ddr_mig.v ...
MIG: 22:14:59 : 1
MIG: 22:14:59 : Inside fn mem: DDR2
MIG: 22:14:59 : Inside fn detect_uiclk: 150015002
MIG: 22:14:59 : cntrl:  memtype: DDR2
MIG: 22:14:59 : 1200
MIG: 22:14:59 :  MMCM_VCO single ctrl param_name: MMCM_VCO --  possibleMaxVcoVal: 1200 
MIG: 22:14:59 : DDR2
MIG: 22:14:59 : 
MIG: 22:14:59 : 150015002
MIG: 22:14:59 : 
MIG: 22:14:59 :  polarity_value: 1
MIG: 22:14:59 : 
MIG: 22:14:59 : 
MIG: 22:14:59 : cntrl:  memtype: DDR2
MIG: 22:14:59 :  Invalid Param: DDR2_RST_ACT_LOW ==> 1
MIG: 22:14:59 : 
MIG: 22:14:59 :  Valid Param: DDR2_BANK_WIDTH ==> 3
MIG: 22:14:59 : 
MIG: 22:14:59 :  Valid Param: DDR2_CK_WIDTH ==> 1
MIG: 22:14:59 :  Invalid Param: DDR2_COL_WIDTH ==> 10
MIG: 22:14:59 : 
MIG: 22:14:59 :  Valid Param: DDR2_CS_WIDTH ==> 1
MIG: 22:14:59 : 
MIG: 22:14:59 :  Valid Param: DDR2_nCS_PER_RANK ==> 1
MIG: 22:14:59 : 
MIG: 22:14:59 :  Valid Param: DDR2_CKE_WIDTH ==> 1
MIG: 22:14:59 :  Invalid Param: DDR2_DATA_BUF_ADDR_WIDTH ==> 4
MIG: 22:14:59 :  Invalid Param: DDR2_DQ_CNT_WIDTH ==> 4
MIG: 22:14:59 :  Invalid Param: DDR2_DQ_PER_DM ==> 8
MIG: 22:14:59 : 2
MIG: 22:14:59 :  Valid Param: DDR2_DM_WIDTH ==> 2
MIG: 22:14:59 : 16
MIG: 22:14:59 :  Valid Param: DDR2_DQ_WIDTH ==> 16
MIG: 22:14:59 : 2
MIG: 22:14:59 :  Valid Param: DDR2_DQS_WIDTH ==> 2
MIG: 22:14:59 : 
MIG: 22:14:59 :  Valid Param: DDR2_DQS_CNT_WIDTH ==> 1
MIG: 22:14:59 :  Invalid Param: DDR2_DRAM_WIDTH ==> 8
MIG: 22:14:59 : 
MIG: 22:14:59 :  Valid Param: ECC ==> OFF
MIG: 22:14:59 : 16
MIG: 22:14:59 :  Valid Param: DDR2_DATA_WIDTH ==> 16
MIG: 22:14:59 :  Invalid Param: ECC_TEST ==> "OFF"
MIG: 22:14:59 :  Invalid Param: DDR2_PAYLOAD_WIDTH ==> (ECC_TEST == "OFF") ? DATA_WIDTH : DQ_WIDTH
MIG: 22:14:59 :  Invalid Param: DDR2_MEM_ADDR_ORDER ==> "BANK_ROW_COLUMN"
MIG: 22:14:59 :  Invalid Param: DDR2_nBANK_MACHS ==> 4
MIG: 22:14:59 :  Invalid Param: DDR2_RANKS ==> 1
MIG: 22:14:59 : 
MIG: 22:14:59 :  Valid Param: DDR2_ODT_WIDTH ==> 1
MIG: 22:14:59 : 13
MIG: 22:14:59 :  Valid Param: DDR2_ROW_WIDTH ==> 13
MIG: 22:14:59 : 27
MIG: 22:14:59 :  Valid Param: DDR2_ADDR_WIDTH ==> 27
MIG: 22:14:59 : 
MIG: 22:14:59 :  Valid Param: DDR2_USE_CS_PORT ==> 1
MIG: 22:14:59 : 
MIG: 22:14:59 :  Valid Param: DDR2_USE_DM_PORT ==> 1
MIG: 22:14:59 : 
MIG: 22:14:59 :  Valid Param: DDR2_USE_ODT_PORT ==> 1
MIG: 22:14:59 :  Invalid Param: DDR2_PHY_CONTROL_MASTER_BANK ==> 0
MIG: 22:14:59 :  Invalid Param: DDR2_MEM_DENSITY ==> "1Gb"
MIG: 22:14:59 :  Invalid Param: DDR2_MEM_SPEEDGRADE ==> "25E"
MIG: 22:14:59 :  Invalid Param: DDR2_MEM_DEVICE_WIDTH ==> 16
MIG: 22:14:59 :  Invalid Param: DDR2_AL ==> "0"
MIG: 22:14:59 :  Invalid Param: DDR2_nAL ==> 0
MIG: 22:14:59 :  Invalid Param: DDR2_BURST_MODE ==> "8"
MIG: 22:14:59 :  Invalid Param: DDR2_BURST_TYPE ==> "SEQ"
MIG: 22:14:59 :  Invalid Param: DDR2_CL ==> 5
MIG: 22:14:59 :  Invalid Param: DDR2_OUTPUT_DRV ==> "HIGH"
MIG: 22:14:59 :  Invalid Param: DDR2_RTT_NOM ==> "50"
MIG: 22:14:59 :  Invalid Param: DDR2_ADDR_CMD_MODE ==> "1T"
MIG: 22:14:59 : 
MIG: 22:14:59 :  Valid Param: DDR2_REG_CTRL ==> OFF
MIG: 22:14:59 :  Invalid Param: DDR2_CLKIN_PERIOD ==> 4999
MIG: 22:14:59 :  Invalid Param: DDR2_CLKFBOUT_MULT ==> 6
MIG: 22:14:59 :  Invalid Param: DDR2_DIVCLK_DIVIDE ==> 1
MIG: 22:14:59 :  Invalid Param: DDR2_CLKOUT0_PHASE ==> 0.0
MIG: 22:14:59 :  Invalid Param: DDR2_CLKOUT0_DIVIDE ==> 2
MIG: 22:14:59 :  Invalid Param: DDR2_CLKOUT1_DIVIDE ==> 4
MIG: 22:14:59 :  Invalid Param: DDR2_CLKOUT2_DIVIDE ==> 64
MIG: 22:14:59 :  Invalid Param: DDR2_CLKOUT3_DIVIDE ==> 8
MIG: 22:14:59 :  Invalid Param: DDR2_MMCM_VCO ==> 1200
MIG: 22:14:59 :  Invalid Param: DDR2_MMCM_MULT_F ==> 7
MIG: 22:14:59 :  Invalid Param: DDR2_MMCM_DIVCLK_DIVIDE ==> 1
MIG: 22:14:59 :  Invalid Param: DDR2_tCKE ==> 7500
MIG: 22:14:59 :  Invalid Param: DDR2_tFAW ==> 45000
MIG: 22:14:59 :  Invalid Param: DDR2_tPRDI ==> 1_000_000
MIG: 22:14:59 :  Invalid Param: DDR2_tRAS ==> 40000
MIG: 22:14:59 :  Invalid Param: DDR2_tRCD ==> 15000
MIG: 22:14:59 :  Invalid Param: DDR2_tREFI ==> 7800000
MIG: 22:14:59 :  Invalid Param: DDR2_tRFC ==> 127500
MIG: 22:14:59 :  Invalid Param: DDR2_tRP ==> 12500
MIG: 22:14:59 :  Invalid Param: DDR2_tRRD ==> 10000
MIG: 22:14:59 :  Invalid Param: DDR2_tRTP ==> 7500
MIG: 22:14:59 :  Invalid Param: DDR2_tWTR ==> 7500
MIG: 22:14:59 :  Invalid Param: DDR2_tZQI ==> 128_000_000
MIG: 22:14:59 :  Invalid Param: DDR2_tZQCS ==> 64
MIG: 22:14:59 :  Invalid Param: DDR2_SIM_BYPASS_INIT_CAL ==> "OFF"
MIG: 22:14:59 :  Invalid Param: DDR2_SIMULATION ==> "FALSE"
MIG: 22:14:59 :  Invalid Param: DDR2_BYTE_LANES_B0 ==> 4'b1111
MIG: 22:14:59 :  Invalid Param: DDR2_BYTE_LANES_B1 ==> 4'b0000
MIG: 22:14:59 :  Invalid Param: DDR2_BYTE_LANES_B2 ==> 4'b0000
MIG: 22:14:59 :  Invalid Param: DDR2_BYTE_LANES_B3 ==> 4'b0000
MIG: 22:14:59 :  Invalid Param: DDR2_BYTE_LANES_B4 ==> 4'b0000
MIG: 22:14:59 :  Invalid Param: DDR2_DATA_CTL_B0 ==> 4'b0101
MIG: 22:14:59 :  Invalid Param: DDR2_DATA_CTL_B1 ==> 4'b0000
MIG: 22:14:59 :  Invalid Param: DDR2_DATA_CTL_B2 ==> 4'b0000
MIG: 22:14:59 :  Invalid Param: DDR2_DATA_CTL_B3 ==> 4'b0000
MIG: 22:14:59 :  Invalid Param: DDR2_DATA_CTL_B4 ==> 4'b0000
MIG: 22:14:59 :  Invalid Param: DDR2_PHY_0_BITLANES ==> 48'hFFC_3F7_FFF_3FE
MIG: 22:14:59 :  Invalid Param: DDR2_PHY_1_BITLANES ==> 48'h000_000_000_000
MIG: 22:14:59 :  Invalid Param: DDR2_PHY_2_BITLANES ==> 48'h000_000_000_000
MIG: 22:14:59 :  Invalid Param: DDR2_CK_BYTE_MAP ==> 144'h00_00_00_00_00_00_00_00_00_00_00_00_00_00_00_00_00_03
MIG: 22:14:59 :  Invalid Param: DDR2_ADDR_MAP ==> 192'h000_000_000_010_033_01A_019_032_03A_034_018_036_012_011_017_015
MIG: 22:14:59 :  Invalid Param: DDR2_BANK_MAP ==> 36'h013_016_01B
MIG: 22:14:59 :  Invalid Param: DDR2_CAS_MAP ==> 12'h039
MIG: 22:14:59 :  Invalid Param: DDR2_CKE_ODT_BYTE_MAP ==> 8'h00
MIG: 22:14:59 :  Invalid Param: DDR2_CKE_MAP ==> 96'h000_000_000_000_000_000_000_038
MIG: 22:14:59 :  Invalid Param: DDR2_ODT_MAP ==> 96'h000_000_000_000_000_000_000_035
MIG: 22:14:59 :  Invalid Param: DDR2_CS_MAP ==> 120'h000_000_000_000_000_000_000_000_000_037
MIG: 22:14:59 :  Invalid Param: DDR2_PARITY_MAP ==> 12'h000
MIG: 22:14:59 :  Invalid Param: DDR2_RAS_MAP ==> 12'h014
MIG: 22:14:59 :  Invalid Param: DDR2_WE_MAP ==> 12'h03B
MIG: 22:14:59 :  Invalid Param: DDR2_DQS_BYTE_MAP ==> 144'h00_00_00_00_00_00_00_00_00_00_00_00_00_00_00_00_02_00
MIG: 22:14:59 :  Invalid Param: DDR2_DATA0_MAP ==> 96'h008_004_009_007_005_001_006_003
MIG: 22:14:59 :  Invalid Param: DDR2_DATA1_MAP ==> 96'h022_028_020_024_027_025_026_021
MIG: 22:14:59 :  Invalid Param: DDR2_DATA2_MAP ==> 96'h000_000_000_000_000_000_000_000
MIG: 22:14:59 :  Invalid Param: DDR2_DATA3_MAP ==> 96'h000_000_000_000_000_000_000_000
MIG: 22:14:59 :  Invalid Param: DDR2_DATA4_MAP ==> 96'h000_000_000_000_000_000_000_000
MIG: 22:14:59 :  Invalid Param: DDR2_DATA5_MAP ==> 96'h000_000_000_000_000_000_000_000
MIG: 22:14:59 :  Invalid Param: DDR2_DATA6_MAP ==> 96'h000_000_000_000_000_000_000_000
MIG: 22:14:59 :  Invalid Param: DDR2_DATA7_MAP ==> 96'h000_000_000_000_000_000_000_000
MIG: 22:14:59 :  Invalid Param: DDR2_DATA8_MAP ==> 96'h000_000_000_000_000_000_000_000
MIG: 22:14:59 :  Invalid Param: DDR2_DATA9_MAP ==> 96'h000_000_000_000_000_000_000_000
MIG: 22:14:59 :  Invalid Param: DDR2_DATA10_MAP ==> 96'h000_000_000_000_000_000_000_000
MIG: 22:14:59 :  Invalid Param: DDR2_DATA11_MAP ==> 96'h000_000_000_000_000_000_000_000
MIG: 22:14:59 :  Invalid Param: DDR2_DATA12_MAP ==> 96'h000_000_000_000_000_000_000_000
MIG: 22:14:59 :  Invalid Param: DDR2_DATA13_MAP ==> 96'h000_000_000_000_000_000_000_000
MIG: 22:14:59 :  Invalid Param: DDR2_DATA14_MAP ==> 96'h000_000_000_000_000_000_000_000
MIG: 22:14:59 :  Invalid Param: DDR2_DATA15_MAP ==> 96'h000_000_000_000_000_000_000_000
MIG: 22:14:59 :  Invalid Param: DDR2_DATA16_MAP ==> 96'h000_000_000_000_000_000_000_000
MIG: 22:14:59 :  Invalid Param: DDR2_DATA17_MAP ==> 96'h000_000_000_000_000_000_000_000
MIG: 22:14:59 :  Invalid Param: DDR2_MASK0_MAP ==> 108'h000_000_000_000_000_000_000_029_002
MIG: 22:14:59 :  Invalid Param: DDR2_MASK1_MAP ==> 108'h000_000_000_000_000_000_000_000_000
MIG: 22:14:59 :  Invalid Param: DDR2_SLOT_0_CONFIG ==> 8'b0000_0001
MIG: 22:14:59 :  Invalid Param: DDR2_SLOT_1_CONFIG ==> 8'b0000_0000
MIG: 22:14:59 :  Invalid Param: DDR2_IBUF_LPWR_MODE ==> "OFF"
MIG: 22:14:59 :  Invalid Param: DDR2_DATA_IO_IDLE_PWRDWN ==> "ON"
MIG: 22:14:59 :  Invalid Param: DDR2_BANK_TYPE ==> "HR_IO"
MIG: 22:14:59 :  Invalid Param: DDR2_DATA_IO_PRIM_TYPE ==> "HR_LP"
MIG: 22:14:59 :  Invalid Param: DDR2_CKE_ODT_AUX ==> "FALSE"
MIG: 22:14:59 :  Invalid Param: DDR2_USER_REFRESH ==> "OFF"
MIG: 22:14:59 :  Invalid Param: DDR2_WRLVL ==> "OFF"
MIG: 22:14:59 :  Invalid Param: DDR2_ORDERING ==> "STRICT"
MIG: 22:14:59 :  Invalid Param: DDR2_CALIB_ROW_ADD ==> 16'h0000
MIG: 22:14:59 :  Invalid Param: DDR2_CALIB_COL_ADD ==> 12'h000
MIG: 22:14:59 :  Invalid Param: DDR2_CALIB_BA_ADD ==> 3'h0
MIG: 22:14:59 :  Invalid Param: DDR2_TCQ ==> 100
MIG: 22:14:59 :  Invalid Param: DDR2_IODELAY_GRP0 ==> "DDR_IODELAY_MIG0"
MIG: 22:14:59 :  Invalid Param: DDR2_SYSCLK_TYPE ==> "NO_BUFFER"
MIG: 22:14:59 :  Invalid Param: DDR2_REFCLK_TYPE ==> "USE_SYSTEM_CLOCK"
MIG: 22:14:59 :  Invalid Param: DDR2_SYS_RST_PORT ==> "FALSE"
MIG: 22:14:59 :  Invalid Param: DDR2_CMD_PIPE_PLUS1 ==> "ON"
MIG: 22:14:59 :  Invalid Param: DDR2_DRAM_TYPE ==> "DDR2"
MIG: 22:14:59 :  Invalid Param: DDR2_CAL_WIDTH ==> "HALF"
MIG: 22:14:59 :  Invalid Param: DDR2_STARVE_LIMIT ==> 2
MIG: 22:14:59 :  Invalid Param: DDR2_REFCLK_FREQ ==> 200.0
MIG: 22:14:59 :  Invalid Param: DDR2_DIFF_TERM_REFCLK ==> "TRUE"
MIG: 22:14:59 :  Invalid Param: DDR2_tCK ==> 3333
MIG: 22:14:59 : 
MIG: 22:14:59 :  Valid Param: DDR2_nCK_PER_CLK ==> 2
MIG: 22:14:59 :  Invalid Param: DDR2_DIFF_TERM_SYSCLK ==> "TRUE"
MIG: 22:14:59 : 
MIG: 22:14:59 :  Valid Param: DDR2_DEBUG_PORT ==> OFF
MIG: 22:14:59 : 
MIG: 22:14:59 :  Invalid Param: DDR2_TEMP_MON_CONTROL ==> "INTERNAL"
MIG: 22:14:59 : NOBUF
MIG: 22:14:59 : NONE
MIG: 22:14:59 : 
MIG: 22:14:59 : Same Interface
MIG: 22:15:11 : Running synthesis.xit
MIG: 22:15:11 : IGN:     <ModuleName>ddr</ModuleName> <==>     <ModuleName>ddr</ModuleName> 
MIG: 22:15:11 : IGN:         <InputClkFreq>200.02</InputClkFreq> <==>         <InputClkFreq>200.02</InputClkFreq> 
MIG: 22:15:11 : Running vlog_synth_rpr.xit
MIG: 22:15:11 : IGN:     <ModuleName>ddr</ModuleName> <==>     <ModuleName>ddr</ModuleName> 
MIG: 22:15:11 : IGN:         <InputClkFreq>200.02</InputClkFreq> <==>         <InputClkFreq>200.02</InputClkFreq> 
MIG: 22:15:11 : Running simulation.xit
MIG: 22:15:11 : IGN:     <ModuleName>ddr</ModuleName> <==>     <ModuleName>ddr</ModuleName> 
MIG: 22:15:11 : IGN:         <InputClkFreq>200.02</InputClkFreq> <==>         <InputClkFreq>200.02</InputClkFreq> 
MIG: 22:15:12 : Running vlog_sim_rpr.xit .. PRASAD DBG1
MIG: 22:15:12 : IGN:     <ModuleName>ddr</ModuleName> <==>     <ModuleName>ddr</ModuleName> 
MIG: 22:15:12 : IGN:         <InputClkFreq>200.02</InputClkFreq> <==>         <InputClkFreq>200.02</InputClkFreq> 
MIG: 22:15:12 : Running implementation.xit
MIG: 22:15:12 : IGN:     <ModuleName>ddr</ModuleName> <==>     <ModuleName>ddr</ModuleName> 
MIG: 22:15:12 : IGN:         <InputClkFreq>200.02</InputClkFreq> <==>         <InputClkFreq>200.02</InputClkFreq> 
MIG: 22:21:23 : Running synthesis.xit
MIG: 22:22:10 : Running synthesis.xit
MIG: 22:23:18 : Running synthesis.xit
MIG: 22:24:03 : Running simulation.xit
MIG: 22:25:12 : xml_input_file: ddr/mig.prj
MIG: 22:25:12 : Absolute path of xml_input_file: f:/Workspace/finalProject/finalProject.srcs/sources_1/ip/ddr/ddr/mig.prj
MIG: 22:25:12 : xml_input_file: ddr/mig.prj
MIG: 22:25:12 : Absolute path of xml_input_file: f:/Workspace/finalProject/finalProject.srcs/sources_1/ip/ddr/ddr/mig.prj
MIG: 22:25:12 : In updateAllModelParams
MIG: 22:25:12 : ################# RUNNING MIG BATCH ###################
MIG: 22:25:12 : Writing IN file for 'ddr'...compDirPath: f:/Xilinx/Vivado/2015.2/data/ip/xilinx/mig_7series_v2_3... instDirPath: f:/Workspace/finalProject/finalProject.srcs/sources_1/ip/ddr
MIG: 22:25:12 : synp_flow:  -- synthesis_mode: Other
MIG: 22:25:12 : outputDirectory: f:/Workspace/finalProject/finalProject.srcs/sources_1/ip/ddr/_tmp/
MIG: 22:25:12 : vivado_mode: xpg_pa
MIG: 22:25:12 :  locked false  
MIG: 22:25:12 : HDL Language: Verilog
MIG: 22:25:12 : compInfo: true
MIG: 22:25:12 : Vivado Options xc7a100t csg324 -1
MIG: 22:25:12 : 1: xc7a100t 2: csg324 3: -1
MIG: 22:25:12 : relative mig path: coregen/ip/xilinx/other/com/xilinx/ip/mig_7series_v2_3/bin/nt64/mig.exe
MIG: 22:25:12 : xilinx_path: F:/Xilinx/Vivado/2015.2/ids_lite/ISE
MIG: 22:25:12 : I am in catch area
MIG: 22:25:12 : Running F:/Xilinx/Vivado/2015.2/ids_lite/ISE/coregen/ip/xilinx/other/com/xilinx/ip/mig_7series_v2_3/bin/nt64/mig.exe -cg_exc_inp f:/Workspace/finalProject/finalProject.srcs/sources_1/ip/ddr/xil_txt.in -cg_exc_out f:/Workspace/finalProject/finalProject.srcs/sources_1/ip/ddr/xil_txt.out ... 
MIG: 22:25:20 : XML_INPUT_FILE: f:/Workspace/finalProject/finalProject.srcs/sources_1/ip/ddr/ddr/mig.prj
MIG: 22:25:20 : Component_Name: ddr
MIG: 22:25:20 : Moving ddr ...
MIG: 22:25:20 : Moving ddr.veo ...
MIG: 22:25:20 : Moving ddr_xmdf.tcl ...
MIG: 22:25:20 : XGUI hdlLanguage: Verilog
MIG: 22:25:20 : xgui vivado_mode: xpg_pa
MIG: 22:25:20 : xgui hdlLanguage: Verilog -- hdlExt: v
MIG: 22:25:20 : Reading F:/Workspace/finalProject/finalProject.srcs/sources_1/ip/ddr/ddr/user_design/rtl/ddr_mig.v ...
MIG: 22:25:21 : 1
MIG: 22:25:21 : Inside fn mem: DDR2
MIG: 22:25:21 : Inside fn detect_uiclk: 150015002
MIG: 22:25:21 : cntrl:  memtype: DDR2
MIG: 22:25:21 : 1200
MIG: 22:25:21 :  MMCM_VCO single ctrl param_name: MMCM_VCO --  possibleMaxVcoVal: 1200 
MIG: 22:25:21 : DDR2
MIG: 22:25:21 : 
MIG: 22:25:21 : 150015002
MIG: 22:25:21 : 
MIG: 22:25:21 :  polarity_value: 1
MIG: 22:25:21 : 
MIG: 22:25:21 : 
MIG: 22:25:21 : cntrl:  memtype: DDR2
MIG: 22:25:21 :  Invalid Param: DDR2_RST_ACT_LOW ==> 1
MIG: 22:25:21 : 
MIG: 22:25:21 :  Valid Param: DDR2_BANK_WIDTH ==> 3
MIG: 22:25:21 : 
MIG: 22:25:21 :  Valid Param: DDR2_CK_WIDTH ==> 1
MIG: 22:25:21 :  Invalid Param: DDR2_COL_WIDTH ==> 10
MIG: 22:25:21 : 
MIG: 22:25:21 :  Valid Param: DDR2_CS_WIDTH ==> 1
MIG: 22:25:21 : 
MIG: 22:25:21 :  Valid Param: DDR2_nCS_PER_RANK ==> 1
MIG: 22:25:21 : 
MIG: 22:25:21 :  Valid Param: DDR2_CKE_WIDTH ==> 1
MIG: 22:25:21 :  Invalid Param: DDR2_DATA_BUF_ADDR_WIDTH ==> 4
MIG: 22:25:21 :  Invalid Param: DDR2_DQ_CNT_WIDTH ==> 4
MIG: 22:25:21 :  Invalid Param: DDR2_DQ_PER_DM ==> 8
MIG: 22:25:21 : 2
MIG: 22:25:21 :  Valid Param: DDR2_DM_WIDTH ==> 2
MIG: 22:25:21 : 16
MIG: 22:25:21 :  Valid Param: DDR2_DQ_WIDTH ==> 16
MIG: 22:25:21 : 2
MIG: 22:25:21 :  Valid Param: DDR2_DQS_WIDTH ==> 2
MIG: 22:25:21 : 
MIG: 22:25:21 :  Valid Param: DDR2_DQS_CNT_WIDTH ==> 1
MIG: 22:25:21 :  Invalid Param: DDR2_DRAM_WIDTH ==> 8
MIG: 22:25:21 : 
MIG: 22:25:21 :  Valid Param: ECC ==> OFF
MIG: 22:25:21 : 16
MIG: 22:25:21 :  Valid Param: DDR2_DATA_WIDTH ==> 16
MIG: 22:25:21 :  Invalid Param: ECC_TEST ==> "OFF"
MIG: 22:25:21 :  Invalid Param: DDR2_PAYLOAD_WIDTH ==> (ECC_TEST == "OFF") ? DATA_WIDTH : DQ_WIDTH
MIG: 22:25:21 :  Invalid Param: DDR2_MEM_ADDR_ORDER ==> "BANK_ROW_COLUMN"
MIG: 22:25:21 :  Invalid Param: DDR2_nBANK_MACHS ==> 4
MIG: 22:25:21 :  Invalid Param: DDR2_RANKS ==> 1
MIG: 22:25:21 : 
MIG: 22:25:21 :  Valid Param: DDR2_ODT_WIDTH ==> 1
MIG: 22:25:21 : 13
MIG: 22:25:21 :  Valid Param: DDR2_ROW_WIDTH ==> 13
MIG: 22:25:21 : 27
MIG: 22:25:21 :  Valid Param: DDR2_ADDR_WIDTH ==> 27
MIG: 22:25:21 : 
MIG: 22:25:21 :  Valid Param: DDR2_USE_CS_PORT ==> 1
MIG: 22:25:21 : 
MIG: 22:25:21 :  Valid Param: DDR2_USE_DM_PORT ==> 1
MIG: 22:25:21 : 
MIG: 22:25:21 :  Valid Param: DDR2_USE_ODT_PORT ==> 1
MIG: 22:25:21 :  Invalid Param: DDR2_PHY_CONTROL_MASTER_BANK ==> 0
MIG: 22:25:21 :  Invalid Param: DDR2_MEM_DENSITY ==> "1Gb"
MIG: 22:25:21 :  Invalid Param: DDR2_MEM_SPEEDGRADE ==> "25E"
MIG: 22:25:21 :  Invalid Param: DDR2_MEM_DEVICE_WIDTH ==> 16
MIG: 22:25:21 :  Invalid Param: DDR2_AL ==> "0"
MIG: 22:25:21 :  Invalid Param: DDR2_nAL ==> 0
MIG: 22:25:21 :  Invalid Param: DDR2_BURST_MODE ==> "8"
MIG: 22:25:21 :  Invalid Param: DDR2_BURST_TYPE ==> "SEQ"
MIG: 22:25:21 :  Invalid Param: DDR2_CL ==> 5
MIG: 22:25:21 :  Invalid Param: DDR2_OUTPUT_DRV ==> "HIGH"
MIG: 22:25:21 :  Invalid Param: DDR2_RTT_NOM ==> "50"
MIG: 22:25:21 :  Invalid Param: DDR2_ADDR_CMD_MODE ==> "1T"
MIG: 22:25:21 : 
MIG: 22:25:21 :  Valid Param: DDR2_REG_CTRL ==> OFF
MIG: 22:25:21 :  Invalid Param: DDR2_CLKIN_PERIOD ==> 4999
MIG: 22:25:21 :  Invalid Param: DDR2_CLKFBOUT_MULT ==> 6
MIG: 22:25:21 :  Invalid Param: DDR2_DIVCLK_DIVIDE ==> 1
MIG: 22:25:21 :  Invalid Param: DDR2_CLKOUT0_PHASE ==> 0.0
MIG: 22:25:21 :  Invalid Param: DDR2_CLKOUT0_DIVIDE ==> 2
MIG: 22:25:21 :  Invalid Param: DDR2_CLKOUT1_DIVIDE ==> 4
MIG: 22:25:21 :  Invalid Param: DDR2_CLKOUT2_DIVIDE ==> 64
MIG: 22:25:21 :  Invalid Param: DDR2_CLKOUT3_DIVIDE ==> 8
MIG: 22:25:21 :  Invalid Param: DDR2_MMCM_VCO ==> 1200
MIG: 22:25:21 :  Invalid Param: DDR2_MMCM_MULT_F ==> 7
MIG: 22:25:21 :  Invalid Param: DDR2_MMCM_DIVCLK_DIVIDE ==> 1
MIG: 22:25:21 :  Invalid Param: DDR2_tCKE ==> 7500
MIG: 22:25:21 :  Invalid Param: DDR2_tFAW ==> 45000
MIG: 22:25:21 :  Invalid Param: DDR2_tPRDI ==> 1_000_000
MIG: 22:25:21 :  Invalid Param: DDR2_tRAS ==> 40000
MIG: 22:25:21 :  Invalid Param: DDR2_tRCD ==> 15000
MIG: 22:25:21 :  Invalid Param: DDR2_tREFI ==> 7800000
MIG: 22:25:21 :  Invalid Param: DDR2_tRFC ==> 127500
MIG: 22:25:21 :  Invalid Param: DDR2_tRP ==> 12500
MIG: 22:25:21 :  Invalid Param: DDR2_tRRD ==> 10000
MIG: 22:25:21 :  Invalid Param: DDR2_tRTP ==> 7500
MIG: 22:25:21 :  Invalid Param: DDR2_tWTR ==> 7500
MIG: 22:25:21 :  Invalid Param: DDR2_tZQI ==> 128_000_000
MIG: 22:25:21 :  Invalid Param: DDR2_tZQCS ==> 64
MIG: 22:25:21 :  Invalid Param: DDR2_SIM_BYPASS_INIT_CAL ==> "OFF"
MIG: 22:25:21 :  Invalid Param: DDR2_SIMULATION ==> "FALSE"
MIG: 22:25:21 :  Invalid Param: DDR2_BYTE_LANES_B0 ==> 4'b1111
MIG: 22:25:21 :  Invalid Param: DDR2_BYTE_LANES_B1 ==> 4'b0000
MIG: 22:25:21 :  Invalid Param: DDR2_BYTE_LANES_B2 ==> 4'b0000
MIG: 22:25:21 :  Invalid Param: DDR2_BYTE_LANES_B3 ==> 4'b0000
MIG: 22:25:21 :  Invalid Param: DDR2_BYTE_LANES_B4 ==> 4'b0000
MIG: 22:25:21 :  Invalid Param: DDR2_DATA_CTL_B0 ==> 4'b0101
MIG: 22:25:21 :  Invalid Param: DDR2_DATA_CTL_B1 ==> 4'b0000
MIG: 22:25:21 :  Invalid Param: DDR2_DATA_CTL_B2 ==> 4'b0000
MIG: 22:25:21 :  Invalid Param: DDR2_DATA_CTL_B3 ==> 4'b0000
MIG: 22:25:21 :  Invalid Param: DDR2_DATA_CTL_B4 ==> 4'b0000
MIG: 22:25:21 :  Invalid Param: DDR2_PHY_0_BITLANES ==> 48'hFFC_3F7_FFF_3FE
MIG: 22:25:21 :  Invalid Param: DDR2_PHY_1_BITLANES ==> 48'h000_000_000_000
MIG: 22:25:21 :  Invalid Param: DDR2_PHY_2_BITLANES ==> 48'h000_000_000_000
MIG: 22:25:21 :  Invalid Param: DDR2_CK_BYTE_MAP ==> 144'h00_00_00_00_00_00_00_00_00_00_00_00_00_00_00_00_00_03
MIG: 22:25:21 :  Invalid Param: DDR2_ADDR_MAP ==> 192'h000_000_000_010_033_01A_019_032_03A_034_018_036_012_011_017_015
MIG: 22:25:21 :  Invalid Param: DDR2_BANK_MAP ==> 36'h013_016_01B
MIG: 22:25:21 :  Invalid Param: DDR2_CAS_MAP ==> 12'h039
MIG: 22:25:21 :  Invalid Param: DDR2_CKE_ODT_BYTE_MAP ==> 8'h00
MIG: 22:25:21 :  Invalid Param: DDR2_CKE_MAP ==> 96'h000_000_000_000_000_000_000_038
MIG: 22:25:21 :  Invalid Param: DDR2_ODT_MAP ==> 96'h000_000_000_000_000_000_000_035
MIG: 22:25:21 :  Invalid Param: DDR2_CS_MAP ==> 120'h000_000_000_000_000_000_000_000_000_037
MIG: 22:25:21 :  Invalid Param: DDR2_PARITY_MAP ==> 12'h000
MIG: 22:25:21 :  Invalid Param: DDR2_RAS_MAP ==> 12'h014
MIG: 22:25:21 :  Invalid Param: DDR2_WE_MAP ==> 12'h03B
MIG: 22:25:21 :  Invalid Param: DDR2_DQS_BYTE_MAP ==> 144'h00_00_00_00_00_00_00_00_00_00_00_00_00_00_00_00_02_00
MIG: 22:25:21 :  Invalid Param: DDR2_DATA0_MAP ==> 96'h008_004_009_007_005_001_006_003
MIG: 22:25:21 :  Invalid Param: DDR2_DATA1_MAP ==> 96'h022_028_020_024_027_025_026_021
MIG: 22:25:21 :  Invalid Param: DDR2_DATA2_MAP ==> 96'h000_000_000_000_000_000_000_000
MIG: 22:25:21 :  Invalid Param: DDR2_DATA3_MAP ==> 96'h000_000_000_000_000_000_000_000
MIG: 22:25:21 :  Invalid Param: DDR2_DATA4_MAP ==> 96'h000_000_000_000_000_000_000_000
MIG: 22:25:21 :  Invalid Param: DDR2_DATA5_MAP ==> 96'h000_000_000_000_000_000_000_000
MIG: 22:25:21 :  Invalid Param: DDR2_DATA6_MAP ==> 96'h000_000_000_000_000_000_000_000
MIG: 22:25:21 :  Invalid Param: DDR2_DATA7_MAP ==> 96'h000_000_000_000_000_000_000_000
MIG: 22:25:21 :  Invalid Param: DDR2_DATA8_MAP ==> 96'h000_000_000_000_000_000_000_000
MIG: 22:25:21 :  Invalid Param: DDR2_DATA9_MAP ==> 96'h000_000_000_000_000_000_000_000
MIG: 22:25:21 :  Invalid Param: DDR2_DATA10_MAP ==> 96'h000_000_000_000_000_000_000_000
MIG: 22:25:21 :  Invalid Param: DDR2_DATA11_MAP ==> 96'h000_000_000_000_000_000_000_000
MIG: 22:25:21 :  Invalid Param: DDR2_DATA12_MAP ==> 96'h000_000_000_000_000_000_000_000
MIG: 22:25:21 :  Invalid Param: DDR2_DATA13_MAP ==> 96'h000_000_000_000_000_000_000_000
MIG: 22:25:21 :  Invalid Param: DDR2_DATA14_MAP ==> 96'h000_000_000_000_000_000_000_000
MIG: 22:25:21 :  Invalid Param: DDR2_DATA15_MAP ==> 96'h000_000_000_000_000_000_000_000
MIG: 22:25:21 :  Invalid Param: DDR2_DATA16_MAP ==> 96'h000_000_000_000_000_000_000_000
MIG: 22:25:21 :  Invalid Param: DDR2_DATA17_MAP ==> 96'h000_000_000_000_000_000_000_000
MIG: 22:25:21 :  Invalid Param: DDR2_MASK0_MAP ==> 108'h000_000_000_000_000_000_000_029_002
MIG: 22:25:21 :  Invalid Param: DDR2_MASK1_MAP ==> 108'h000_000_000_000_000_000_000_000_000
MIG: 22:25:21 :  Invalid Param: DDR2_SLOT_0_CONFIG ==> 8'b0000_0001
MIG: 22:25:21 :  Invalid Param: DDR2_SLOT_1_CONFIG ==> 8'b0000_0000
MIG: 22:25:21 :  Invalid Param: DDR2_IBUF_LPWR_MODE ==> "OFF"
MIG: 22:25:21 :  Invalid Param: DDR2_DATA_IO_IDLE_PWRDWN ==> "ON"
MIG: 22:25:21 :  Invalid Param: DDR2_BANK_TYPE ==> "HR_IO"
MIG: 22:25:21 :  Invalid Param: DDR2_DATA_IO_PRIM_TYPE ==> "HR_LP"
MIG: 22:25:21 :  Invalid Param: DDR2_CKE_ODT_AUX ==> "FALSE"
MIG: 22:25:21 :  Invalid Param: DDR2_USER_REFRESH ==> "OFF"
MIG: 22:25:21 :  Invalid Param: DDR2_WRLVL ==> "OFF"
MIG: 22:25:21 :  Invalid Param: DDR2_ORDERING ==> "STRICT"
MIG: 22:25:21 :  Invalid Param: DDR2_CALIB_ROW_ADD ==> 16'h0000
MIG: 22:25:21 :  Invalid Param: DDR2_CALIB_COL_ADD ==> 12'h000
MIG: 22:25:21 :  Invalid Param: DDR2_CALIB_BA_ADD ==> 3'h0
MIG: 22:25:21 :  Invalid Param: DDR2_TCQ ==> 100
MIG: 22:25:21 :  Invalid Param: DDR2_IODELAY_GRP0 ==> "DDR_IODELAY_MIG0"
MIG: 22:25:21 :  Invalid Param: DDR2_SYSCLK_TYPE ==> "NO_BUFFER"
MIG: 22:25:21 :  Invalid Param: DDR2_REFCLK_TYPE ==> "USE_SYSTEM_CLOCK"
MIG: 22:25:21 :  Invalid Param: DDR2_SYS_RST_PORT ==> "FALSE"
MIG: 22:25:21 :  Invalid Param: DDR2_CMD_PIPE_PLUS1 ==> "ON"
MIG: 22:25:21 :  Invalid Param: DDR2_DRAM_TYPE ==> "DDR2"
MIG: 22:25:21 :  Invalid Param: DDR2_CAL_WIDTH ==> "HALF"
MIG: 22:25:21 :  Invalid Param: DDR2_STARVE_LIMIT ==> 2
MIG: 22:25:21 :  Invalid Param: DDR2_REFCLK_FREQ ==> 200.0
MIG: 22:25:21 :  Invalid Param: DDR2_DIFF_TERM_REFCLK ==> "TRUE"
MIG: 22:25:21 :  Invalid Param: DDR2_tCK ==> 3333
MIG: 22:25:21 : 
MIG: 22:25:21 :  Valid Param: DDR2_nCK_PER_CLK ==> 2
MIG: 22:25:21 :  Invalid Param: DDR2_DIFF_TERM_SYSCLK ==> "TRUE"
MIG: 22:25:21 : 
MIG: 22:25:21 :  Valid Param: DDR2_DEBUG_PORT ==> OFF
MIG: 22:25:21 : 
MIG: 22:25:21 :  Invalid Param: DDR2_TEMP_MON_CONTROL ==> "INTERNAL"
MIG: 22:25:21 : NOBUF
MIG: 22:25:21 : NONE
MIG: 22:25:21 : 
MIG: 22:25:21 : Same Interface
MIG: 22:25:28 : Running synthesis.xit
MIG: 22:25:29 : IGN:     <ModuleName>ddr</ModuleName> <==>     <ModuleName>ddr</ModuleName> 
MIG: 22:25:29 : IGN:         <InputClkFreq>200.02</InputClkFreq> <==>         <InputClkFreq>200.02</InputClkFreq> 
MIG: 22:25:29 : Running vlog_synth_rpr.xit
MIG: 22:25:29 : IGN:     <ModuleName>ddr</ModuleName> <==>     <ModuleName>ddr</ModuleName> 
MIG: 22:25:29 : IGN:         <InputClkFreq>200.02</InputClkFreq> <==>         <InputClkFreq>200.02</InputClkFreq> 
MIG: 22:25:29 : Running simulation.xit
MIG: 22:25:29 : IGN:     <ModuleName>ddr</ModuleName> <==>     <ModuleName>ddr</ModuleName> 
MIG: 22:25:29 : IGN:         <InputClkFreq>200.02</InputClkFreq> <==>         <InputClkFreq>200.02</InputClkFreq> 
MIG: 22:25:29 : Running vlog_sim_rpr.xit .. PRASAD DBG1
MIG: 22:25:29 : IGN:     <ModuleName>ddr</ModuleName> <==>     <ModuleName>ddr</ModuleName> 
MIG: 22:25:29 : IGN:         <InputClkFreq>200.02</InputClkFreq> <==>         <InputClkFreq>200.02</InputClkFreq> 
MIG: 22:25:30 : Running implementation.xit
MIG: 22:25:30 : IGN:     <ModuleName>ddr</ModuleName> <==>     <ModuleName>ddr</ModuleName> 
MIG: 22:25:30 : IGN:         <InputClkFreq>200.02</InputClkFreq> <==>         <InputClkFreq>200.02</InputClkFreq> 
